# JRE version: OpenJDK Runtime Environment Temurin-11.0.30+7 (11.0.30+7) (build 11.0.30+7)
# Java VM: OpenJDK 64-Bit Server VM Temurin-11.0.30+7 (11.0.30+7, mixed mode, tiered, compressed oops, g1 gc, windows-amd64)
Heap:
 garbage-first heap   total 200704K, used 108591K [0x0000000080000000, 0x0000000100000000)
  region size 1024K, 23 young (23552K), 4 survivors (4096K)
 Metaspace       used 166693K, capacity 174562K, committed 178368K, reserved 1200128K
  class space    used 21780K, capacity 25553K, committed 27468K, reserved 1048576K
GC Heap History (20 events):
Event: 121.271 GC heap before
{Heap before GC invocations=63 (full 0):
 garbage-first heap   total 200704K, used 103888K [0x0000000080000000, 0x0000000100000000)
  region size 1024K, 18 young (18432K), 3 survivors (3072K)
 Metaspace       used 165052K, capacity 172829K, committed 176832K, reserved 1198080K
  class space    used 21656K, capacity 25369K, committed 27468K, reserved 1048576K
}
Event: 121.285 GC heap after
{Heap after GC invocations=64 (full 0):
 garbage-first heap   total 200704K, used 85254K [0x0000000080000000, 0x0000000100000000)
  region size 1024K, 3 young (3072K), 3 survivors (3072K)
 Metaspace       used 165052K, capacity 172829K, committed 176832K, reserved 1198080K
  class space    used 21656K, capacity 25369K, committed 27468K, reserved 1048576K
}
Event: 123.069 GC heap before
{Heap before GC invocations=65 (full 0):
 garbage-first heap   total 200704K, used 109830K [0x0000000080000000, 0x0000000100000000)
  region size 1024K, 21 young (21504K), 3 survivors (3072K)
 Metaspace       used 165122K, capacity 172871K, committed 177088K, reserved 1200128K
  class space    used 21660K, capacity 25375K, committed 27468K, reserved 1048576K
}
Event: 123.083 GC heap after
{Heap after GC invocations=66 (full 0):
 garbage-first heap   total 200704K, used 88752K [0x0000000080000000, 0x0000000100000000)
  region size 1024K, 4 young (4096K), 4 survivors (4096K)
 Metaspace       used 165122K, capacity 172871K, committed 177088K, reserved 1200128K
  class space    used 21660K, capacity 25375K, committed 27468K, reserved 1048576K
}
Event: 126.317 GC heap before
{Heap before GC invocations=67 (full 0):
 garbage-first heap   total 200704K, used 147120K [0x0000000080000000, 0x0000000100000000)
  region size 1024K, 58 young (59392K), 4 survivors (4096K)
 Metaspace       used 165317K, capacity 173094K, committed 177088K, reserved 1200128K
  class space    used 21662K, capacity 25379K, committed 27468K, reserved 1048576K
}
Event: 126.324 GC heap after
{Heap after GC invocations=68 (full 0):
 garbage-first heap   total 200704K, used 85587K [0x0000000080000000, 0x0000000100000000)
  region size 1024K, 3 young (3072K), 3 survivors (3072K)
 Metaspace       used 165317K, capacity 173094K, committed 177088K, reserved 1200128K
  class space    used 21662K, capacity 25379K, committed 27468K, reserved 1048576K
}
Event: 126.746 GC heap before
{Heap before GC invocations=68 (full 0):
 garbage-first heap   total 200704K, used 118355K [0x0000000080000000, 0x0000000100000000)
  region size 1024K, 32 young (32768K), 3 survivors (3072K)
 Metaspace       used 165374K, capacity 173121K, committed 177088K, reserved 1200128K
  class space    used 21664K, capacity 25383K, committed 27468K, reserved 1048576K
}
Event: 126.753 GC heap after
{Heap after GC invocations=69 (full 0):
 garbage-first heap   total 200704K, used 85091K [0x0000000080000000, 0x0000000100000000)
  region size 1024K, 3 young (3072K), 3 survivors (3072K)
 Metaspace       used 165374K, capacity 173121K, committed 177088K, reserved 1200128K
  class space    used 21664K, capacity 25383K, committed 27468K, reserved 1048576K
}
Event: 127.784 GC heap before
{Heap before GC invocations=70 (full 0):
 garbage-first heap   total 200704K, used 136291K [0x0000000080000000, 0x0000000100000000)
  region size 1024K, 46 young (47104K), 3 survivors (3072K)
 Metaspace       used 165471K, capacity 173227K, committed 177344K, reserved 1200128K
  class space    used 21664K, capacity 25383K, committed 27468K, reserved 1048576K
}
Event: 127.793 GC heap after
{Heap after GC invocations=71 (full 0):
 garbage-first heap   total 200704K, used 85454K [0x0000000080000000, 0x0000000100000000)
  region size 1024K, 3 young (3072K), 3 survivors (3072K)
 Metaspace       used 165471K, capacity 173227K, committed 177344K, reserved 1200128K
  class space    used 21664K, capacity 25383K, committed 27468K, reserved 1048576K
}
Event: 128.365 GC heap before
{Heap before GC invocations=72 (full 0):
 garbage-first heap   total 200704K, used 129486K [0x0000000080000000, 0x0000000100000000)
  region size 1024K, 41 young (41984K), 3 survivors (3072K)
 Metaspace       used 165546K, capacity 173398K, committed 177344K, reserved 1200128K
  class space    used 21665K, capacity 25387K, committed 27468K, reserved 1048576K
}
Event: 128.378 GC heap after
{Heap after GC invocations=73 (full 0):
 garbage-first heap   total 200704K, used 86911K [0x0000000080000000, 0x0000000100000000)
  region size 1024K, 5 young (5120K), 5 survivors (5120K)
 Metaspace       used 165546K, capacity 173398K, committed 177344K, reserved 1200128K
  class space    used 21665K, capacity 25387K, committed 27468K, reserved 1048576K
}
Event: 137.017 GC heap before
{Heap before GC invocations=74 (full 0):
 garbage-first heap   total 200704K, used 150399K [0x0000000080000000, 0x0000000100000000)
  region size 1024K, 64 young (65536K), 5 survivors (5120K)
 Metaspace       used 166009K, capacity 173790K, committed 177856K, reserved 1200128K
  class space    used 21666K, capacity 25387K, committed 27468K, reserved 1048576K
}
Event: 137.024 GC heap after
{Heap after GC invocations=75 (full 0):
 garbage-first heap   total 200704K, used 86257K [0x0000000080000000, 0x0000000100000000)
  region size 1024K, 4 young (4096K), 4 survivors (4096K)
 Metaspace       used 166009K, capacity 173790K, committed 177856K, reserved 1200128K
  class space    used 21666K, capacity 25387K, committed 27468K, reserved 1048576K
}
Event: 137.293 GC heap before
{Heap before GC invocations=75 (full 0):
 garbage-first heap   total 200704K, used 124145K [0x0000000080000000, 0x0000000100000000)
  region size 1024K, 36 young (36864K), 4 survivors (4096K)
 Metaspace       used 166031K, capacity 173792K, committed 177856K, reserved 1200128K
  class space    used 21666K, capacity 25387K, committed 27468K, reserved 1048576K
}
Event: 137.302 GC heap after
{Heap after GC invocations=76 (full 0):
 garbage-first heap   total 200704K, used 85678K [0x0000000080000000, 0x0000000100000000)
  region size 1024K, 3 young (3072K), 3 survivors (3072K)
 Metaspace       used 166031K, capacity 173792K, committed 177856K, reserved 1200128K
  class space    used 21666K, capacity 25387K, committed 27468K, reserved 1048576K
}
Event: 138.927 GC heap before
{Heap before GC invocations=77 (full 0):
 garbage-first heap   total 200704K, used 130734K [0x0000000080000000, 0x0000000100000000)
  region size 1024K, 42 young (43008K), 3 survivors (3072K)
 Metaspace       used 166374K, capacity 174271K, committed 178112K, reserved 1200128K
  class space    used 21734K, capacity 25495K, committed 27468K, reserved 1048576K
}
Event: 138.938 GC heap after
{Heap after GC invocations=78 (full 0):
 garbage-first heap   total 200704K, used 86225K [0x0000000080000000, 0x0000000100000000)
  region size 1024K, 4 young (4096K), 4 survivors (4096K)
 Metaspace       used 166374K, capacity 174271K, committed 178112K, reserved 1200128K
  class space    used 21734K, capacity 25495K, committed 27468K, reserved 1048576K
}
Event: 139.656 GC heap before
{Heap before GC invocations=79 (full 0):
 garbage-first heap   total 200704K, used 111825K [0x0000000080000000, 0x0000000100000000)
  region size 1024K, 24 young (24576K), 4 survivors (4096K)
 Metaspace       used 166414K, capacity 174293K, committed 178112K, reserved 1200128K
  class space    used 21735K, capacity 25497K, committed 27468K, reserved 1048576K
}
Event: 139.666 GC heap after
{Heap after GC invocations=80 (full 0):
 garbage-first heap   total 200704K, used 86063K [0x0000000080000000, 0x0000000100000000)
  region size 1024K, 4 young (4096K), 4 survivors (4096K)
 Metaspace       used 166414K, capacity 174293K, committed 178112K, reserved 1200128K
  class space    used 21735K, capacity 25497K, committed 27468K, reserved 1048576K
}

